{
  "id": "run-1768992462616",
  "timestamp": "2026-01-21T10:47:42.617Z",
  "status": "FAILED",
  "duration": "135.12s",
  "stepsCovered": [
    "[STEP 1] Navigating to Site...",
    "[STEP 2] Initiating Login Flow..."
  ],
  "totalLogs": 129,
  "fullLogs": [
    "Initializing Automation for 1 account(s)...",
    "[SYSTEM] Using Local Tools (Zenit Optimized)",
    "[INFO] Scanning for projects...",
    "[INFO]",
    "[INFO] ---------------------< com.zenit:zenit-automation >---------------------",
    "[INFO] Building zenit-automation 1.0-SNAPSHOT",
    "[INFO]   from pom.xml",
    "[INFO] --------------------------------[ jar ]---------------------------------",
    "[INFO]",
    "[INFO] --- resources:3.3.1:resources (default-resources) @ zenit-automation ---",
    "[WARNING] Using platform encoding (UTF-8 actually) to copy filtered resources, i.e. build is platform dependent!",
    "[INFO] skip non existing resourceDirectory D:\\Zenit Antigravity\\ZenitTracker-AntiGravity-1\\automation\\src\\main\\resources",
    "[INFO]",
    "[INFO] --- compiler:3.11.0:compile (default-compile) @ zenit-automation ---",
    "[INFO] No sources to compile",
    "[INFO]",
    "[INFO] --- resources:3.3.1:testResources (default-testResources) @ zenit-automation ---",
    "[WARNING] Using platform encoding (UTF-8 actually) to copy filtered resources, i.e. build is platform dependent!",
    "[INFO] skip non existing resourceDirectory D:\\Zenit Antigravity\\ZenitTracker-AntiGravity-1\\automation\\src\\test\\resources",
    "[INFO]",
    "[INFO] --- compiler:3.11.0:testCompile (default-testCompile) @ zenit-automation ---",
    "[INFO] Nothing to compile - all classes are up to date",
    "[INFO]",
    "[INFO] --- surefire:3.2.3:test (default-test) @ zenit-automation ---",
    "[INFO] Using auto detected provider org.apache.maven.surefire.testng.TestNGProvider",
    "[INFO]",
    "[INFO] -------------------------------------------------------",
    "[INFO]  T E S T S",
    "[INFO] -------------------------------------------------------",
    "[INFO] Running TestSuite",
    "[ERROR] [main] INFO io.github.bonigarcia.wdm.WebDriverManager - Using chromedriver 143.0.7499.192 (resolved driver for Chrome 143)",
    "[ERROR] [main] INFO io.github.bonigarcia.wdm.WebDriverManager - Exporting webdriver.chrome.driver as C:\\Users\\afzal.hussain\\.cache\\selenium\\chromedriver\\win64\\143.0.7499.192\\chromedriver.exe",
    "[ERROR] Jan 21, 2026 4:16:43 PM org.openqa.selenium.devtools.CdpVersionFinder findNearestMatch",
    "[ERROR] WARNING: Unable to find CDP implementation matching 143",
    "[ERROR] Jan 21, 2026 4:16:43 PM org.openqa.selenium.chromium.ChromiumDriver lambda$new$5",
    "[ERROR] WARNING: Unable to find version of CDP to use for 143.0.7499.193. You may need to include a dependency on a specific version of the CDP using something similar to `org.seleniumhq.selenium:selenium-devtools-v86:4.16.1` where the version (\"v86\") matches the version of the chromium-based browser you're using and the version number of the artifact is the same as Selenium's.",
    "========== Starting Test Iteration: 1 ==========",
    "[STEP 1] Navigating to Site...",
    "Language 'Tamil' selected and Done.",
    "[STEP 2] Initiating Login Flow...",
    "[ERROR] Tests run: 1, Failures: 1, Errors: 0, Skipped: 0, Time elapsed: 73.98 s <<< FAILURE! -- in TestSuite",
    "[ERROR] com.zenit.SunNxtTest.testSunNxtSignup[1](1) -- Time elapsed: 56.06 s <<< FAILURE!",
    "org.openqa.selenium.TimeoutException: Expected condition failed: waiting for visibility of element located by By.xpath: //div[contains(@class,'relative group inline-block')] (tried for 45 second(s) with 500 milliseconds interval)",
    "at org.openqa.selenium.support.ui.WebDriverWait.timeoutException(WebDriverWait.java:84)",
    "at org.openqa.selenium.support.ui.FluentWait.until(FluentWait.java:229)",
    "at com.zenit.SunNxtTest.testSunNxtSignup(SunNxtTest.java:96)",
    "at java.base/jdk.internal.reflect.DirectMethodHandleAccessor.invoke(DirectMethodHandleAccessor.java:103)",
    "at java.base/java.lang.reflect.Method.invoke(Method.java:580)",
    "at org.testng.internal.invokers.MethodInvocationHelper.invokeMethod(MethodInvocationHelper.java:139)",
    "at org.testng.internal.invokers.TestInvoker.invokeMethod(TestInvoker.java:664)",
    "at org.testng.internal.invokers.TestInvoker.invokeTestMethod(TestInvoker.java:228)",
    "at org.testng.internal.invokers.MethodRunner.runInSequence(MethodRunner.java:63)",
    "at org.testng.internal.invokers.TestInvoker$MethodInvocationAgent.invoke(TestInvoker.java:961)",
    "at org.testng.internal.invokers.TestInvoker.invokeTestMethods(TestInvoker.java:201)",
    "at org.testng.internal.invokers.TestMethodWorker.invokeTestMethods(TestMethodWorker.java:148)",
    "at org.testng.internal.invokers.TestMethodWorker.run(TestMethodWorker.java:128)",
    "at java.base/java.util.ArrayList.forEach(ArrayList.java:1596)",
    "at org.testng.TestRunner.privateRun(TestRunner.java:819)",
    "at org.testng.TestRunner.run(TestRunner.java:619)",
    "at org.testng.SuiteRunner.runTest(SuiteRunner.java:443)",
    "at org.testng.SuiteRunner.runSequentially(SuiteRunner.java:437)",
    "at org.testng.SuiteRunner.privateRun(SuiteRunner.java:397)",
    "at org.testng.SuiteRunner.run(SuiteRunner.java:336)",
    "at org.testng.SuiteRunnerWorker.runSuite(SuiteRunnerWorker.java:52)",
    "at org.testng.SuiteRunnerWorker.run(SuiteRunnerWorker.java:95)",
    "at org.testng.TestNG.runSuitesSequentially(TestNG.java:1301)",
    "at org.testng.TestNG.runSuitesLocally(TestNG.java:1228)",
    "at org.testng.TestNG.runSuites(TestNG.java:1134)",
    "at org.testng.TestNG.run(TestNG.java:1101)",
    "at org.apache.maven.surefire.testng.TestNGExecutor.run(TestNGExecutor.java:308)",
    "at org.apache.maven.surefire.testng.TestNGXmlTestSuite.execute(TestNGXmlTestSuite.java:71)",
    "at org.apache.maven.surefire.testng.TestNGProvider.invoke(TestNGProvider.java:113)",
    "at org.apache.maven.surefire.booter.ForkedBooter.runSuitesInProcess(ForkedBooter.java:385)",
    "at org.apache.maven.surefire.booter.ForkedBooter.execute(ForkedBooter.java:162)",
    "at org.apache.maven.surefire.booter.ForkedBooter.run(ForkedBooter.java:507)",
    "at org.apache.maven.surefire.booter.ForkedBooter.main(ForkedBooter.java:495)",
    "Caused by: org.openqa.selenium.NoSuchWindowException: no such window: target window already closed",
    "from unknown error: web view not found",
    "(Session info: chrome=143.0.7499.193)",
    "Build info: version: '4.16.1', revision: '9b4c83354e'",
    "System info: os.name: 'Windows 11', os.arch: 'amd64', os.version: '10.0', java.version: '21.0.2'",
    "Driver info: org.openqa.selenium.chrome.ChromeDriver",
    "Command: [b70ca50ec8df630d2eb1250ac7d5fae9, findElement {using=xpath, value=//div[contains(@class,'relative group inline-block')]}]",
    "Capabilities {acceptInsecureCerts: false, browserName: chrome, browserVersion: 143.0.7499.193, chrome: {chromedriverVersion: 143.0.7499.192 (be2c1f4fd45..., userDataDir: C:\\Users\\AFZAL~1.HUS\\AppDat...}, fedcm:accounts: true, goog:chromeOptions: {debuggerAddress: localhost:65166}, goog:processID: 39852, networkConnectionEnabled: false, pageLoadStrategy: normal, platformName: windows, proxy: Proxy(), se:cdp: ws://localhost:65166/devtoo..., se:cdpVersion: 143.0.7499.193, setWindowRect: true, strictFileInteractability: false, timeouts: {implicit: 0, pageLoad: 300000, script: 30000}, unhandledPromptBehavior: dismiss and notify, webauthn:extension:credBlob: true, webauthn:extension:largeBlob: true, webauthn:extension:minPinLength: true, webauthn:extension:prf: true, webauthn:virtualAuthenticators: true}",
    "Session ID: b70ca50ec8df630d2eb1250ac7d5fae9",
    "at java.base/jdk.internal.reflect.DirectConstructorHandleAccessor.newInstance(DirectConstructorHandleAccessor.java:62)",
    "at java.base/java.lang.reflect.Constructor.newInstanceWithCaller(Constructor.java:502)",
    "at java.base/java.lang.reflect.Constructor.newInstance(Constructor.java:486)",
    "at org.openqa.selenium.remote.codec.w3c.W3CHttpResponseCodec.createException(W3CHttpResponseCodec.java:200)",
    "at org.openqa.selenium.remote.codec.w3c.W3CHttpResponseCodec.decode(W3CHttpResponseCodec.java:133)",
    "at org.openqa.selenium.remote.codec.w3c.W3CHttpResponseCodec.decode(W3CHttpResponseCodec.java:52)",
    "at org.openqa.selenium.remote.HttpCommandExecutor.execute(HttpCommandExecutor.java:191)",
    "at org.openqa.selenium.remote.service.DriverCommandExecutor.invokeExecute(DriverCommandExecutor.java:200)",
    "at org.openqa.selenium.remote.service.DriverCommandExecutor.execute(DriverCommandExecutor.java:175)",
    "at org.openqa.selenium.remote.RemoteWebDriver.execute(RemoteWebDriver.java:523)",
    "at org.openqa.selenium.remote.ElementLocation$ElementFinder$2.findElement(ElementLocation.java:165)",
    "at org.openqa.selenium.remote.ElementLocation.findElement(ElementLocation.java:59)",
    "at org.openqa.selenium.remote.RemoteWebDriver.findElement(RemoteWebDriver.java:360)",
    "at org.openqa.selenium.remote.RemoteWebDriver.findElement(RemoteWebDriver.java:354)",
    "at org.openqa.selenium.support.ui.ExpectedConditions$7.apply(ExpectedConditions.java:194)",
    "at org.openqa.selenium.support.ui.ExpectedConditions$7.apply(ExpectedConditions.java:190)",
    "at org.openqa.selenium.support.ui.FluentWait.until(FluentWait.java:204)",
    "... 31 more",
    "[INFO]",
    "[INFO] Results:",
    "[INFO]",
    "[ERROR] Failures:",
    "[ERROR]   SunNxtTest.testSunNxtSignup:96 Â» Timeout Expected condition failed: waiting for visibility of element located by By.xpath: //div[contains(@class,'relative group inline-block')] (tried for 45 second(s) with 500 milliseconds interval)",
    "[INFO]",
    "[ERROR] Tests run: 1, Failures: 1, Errors: 0, Skipped: 0",
    "[INFO]",
    "[INFO] ------------------------------------------------------------------------",
    "[INFO] BUILD FAILURE",
    "[INFO] ------------------------------------------------------------------------",
    "[INFO] Total time:  01:55 min",
    "[INFO] Finished at: 2026-01-21T16:17:42+05:30",
    "[INFO] ------------------------------------------------------------------------",
    "[ERROR] Failed to execute goal org.apache.maven.plugins:maven-surefire-plugin:3.2.3:test (default-test) on project zenit-automation: There are test failures.",
    "[ERROR]",
    "[ERROR] Please refer to D:\\Zenit Antigravity\\ZenitTracker-AntiGravity-1\\automation\\target\\surefire-reports for the individual test results.",
    "[ERROR] Please refer to dump files (if any exist) [date].dump, [date]-jvmRun[N].dump and [date].dumpstream.",
    "[ERROR] -> [Help 1]",
    "[ERROR]",
    "[ERROR] To see the full stack trace of the errors, re-run Maven with the -e switch.",
    "[ERROR] Re-run Maven using the -X switch to enable full debug logging.",
    "[ERROR]",
    "[ERROR] For more information about the errors and possible solutions, please read the following articles:",
    "[ERROR] [Help 1] http://cwiki.apache.org/confluence/display/MAVEN/MojoFailureException",
    "Process exited with code 1"
  ]
}