{
  "id": "run-1768992586132",
  "timestamp": "2026-01-21T10:49:46.132Z",
  "status": "SUCCESS",
  "duration": "118.78s",
  "stepsCovered": [
    "[STEP 1] Navigating to Site...",
    "[STEP 2] Initiating Login Flow...",
    "[STEP 3] Entering Account Details...",
    "[STEP 4] Setting Demographics...",
    "[STEP 5] Starting Subscription Flow..."
  ],
  "totalLogs": 73,
  "fullLogs": [
    "Initializing Automation for 1 account(s)...",
    "[SYSTEM] Using Local Tools (Zenit Optimized)",
    "[INFO] Scanning for projects...",
    "[INFO]",
    "[INFO] ---------------------< com.zenit:zenit-automation >---------------------",
    "[INFO] Building zenit-automation 1.0-SNAPSHOT",
    "[INFO]   from pom.xml",
    "[INFO] --------------------------------[ jar ]---------------------------------",
    "[INFO]",
    "[INFO] --- resources:3.3.1:resources (default-resources) @ zenit-automation ---",
    "[WARNING] Using platform encoding (UTF-8 actually) to copy filtered resources, i.e. build is platform dependent!",
    "[INFO] skip non existing resourceDirectory D:\\Zenit Antigravity\\ZenitTracker-AntiGravity-1\\automation\\src\\main\\resources",
    "[INFO]",
    "[INFO] --- compiler:3.11.0:compile (default-compile) @ zenit-automation ---",
    "[INFO] No sources to compile",
    "[INFO]",
    "[INFO] --- resources:3.3.1:testResources (default-testResources) @ zenit-automation ---",
    "[WARNING] Using platform encoding (UTF-8 actually) to copy filtered resources, i.e. build is platform dependent!",
    "[INFO] skip non existing resourceDirectory D:\\Zenit Antigravity\\ZenitTracker-AntiGravity-1\\automation\\src\\test\\resources",
    "[INFO]",
    "[INFO] --- compiler:3.11.0:testCompile (default-testCompile) @ zenit-automation ---",
    "[INFO] Nothing to compile - all classes are up to date",
    "[INFO]",
    "[INFO] --- surefire:3.2.3:test (default-test) @ zenit-automation ---",
    "[INFO] Using auto detected provider org.apache.maven.surefire.testng.TestNGProvider",
    "[INFO]",
    "[INFO] -------------------------------------------------------",
    "[INFO]  T E S T S",
    "[INFO] -------------------------------------------------------",
    "[INFO] Running TestSuite",
    "[ERROR] [main] INFO io.github.bonigarcia.wdm.WebDriverManager - Using chromedriver 143.0.7499.192 (resolved driver for Chrome 143)",
    "[ERROR] [main] INFO io.github.bonigarcia.wdm.WebDriverManager - Exporting webdriver.chrome.driver as C:\\Users\\afzal.hussain\\.cache\\selenium\\chromedriver\\win64\\143.0.7499.192\\chromedriver.exe",
    "[ERROR] Jan 21, 2026 4:18:13 PM org.openqa.selenium.devtools.CdpVersionFinder findNearestMatch",
    "[ERROR] WARNING: Unable to find CDP implementation matching 143",
    "[ERROR] Jan 21, 2026 4:18:13 PM org.openqa.selenium.chromium.ChromiumDriver lambda$new$5",
    "[ERROR] WARNING: Unable to find version of CDP to use for 143.0.7499.193. You may need to include a dependency on a specific version of the CDP using something similar to `org.seleniumhq.selenium:selenium-devtools-v86:4.16.1` where the version (\"v86\") matches the version of the chromium-based browser you're using and the version number of the artifact is the same as Selenium's.",
    "========== Starting Test Iteration: 1 ==========",
    "[STEP 1] Navigating to Site...",
    "Language 'Tamil' selected and Done.",
    "[STEP 2] Initiating Login Flow...",
    "Clicked Log In.",
    "[STEP 3] Entering Account Details...",
    "Generated Email: zenit9522@hotmail.com",
    "Password set and Account created.",
    "[STEP 4] Setting Demographics...",
    "Demographics saved successfully.",
    "[STEP 5] Starting Subscription Flow...",
    "Selected Subscription Plan.",
    "Entered Dummy Card Details.",
    "Clicked Continue. Waiting for Payment Gateway...",
    "[PAYMENT] Switched to new popup window.",
    "[razorpay] Specific INR/Pass flow skipped or not found: Expected condition failed: waiting for element to be clickable: By.xpath: //div[contains(text(),'INR') or contains(@class,'currency')] (tried for 45 second(s) with 500 milliseconds interval)",
    "Build info: version: '4.16.1', revision: '9b4c83354e'",
    "System info: os.name: 'Windows 11', os.arch: 'amd64', os.version: '10.0', java.version: '21.0.2'",
    "Driver info: org.openqa.selenium.chrome.ChromeDriver",
    "Capabilities {acceptInsecureCerts: false, browserName: chrome, browserVersion: 143.0.7499.193, chrome: {chromedriverVersion: 143.0.7499.192 (be2c1f4fd45..., userDataDir: C:\\Users\\AFZAL~1.HUS\\AppDat...}, fedcm:accounts: true, goog:chromeOptions: {debuggerAddress: localhost:50796}, goog:processID: 42872, networkConnectionEnabled: false, pageLoadStrategy: normal, platformName: windows, proxy: Proxy(), se:cdp: ws://localhost:50796/devtoo..., se:cdpVersion: 143.0.7499.193, setWindowRect: true, strictFileInteractability: false, timeouts: {implicit: 0, pageLoad: 300000, script: 30000}, unhandledPromptBehavior: dismiss and notify, webauthn:extension:credBlob: true, webauthn:extension:largeBlob: true, webauthn:extension:minPinLength: true, webauthn:extension:prf: true, webauthn:virtualAuthenticators: true}",
    "Session ID: 3a0dec818f2bfdb09c841a94819cdc7e",
    "[PAYMENT] Success! Clicked 'submit-action' on MAIN content via JS.",
    "[PAYMENT] Payment Submit action triggered.",
    "========== Test Iteration 1 Completed Successfully ==========",
    "[INFO] Tests run: 1, Failures: 0, Errors: 0, Skipped: 0, Time elapsed: 101.8 s -- in TestSuite",
    "[INFO]",
    "[INFO] Results:",
    "[INFO]",
    "[INFO] Tests run: 1, Failures: 0, Errors: 0, Skipped: 0",
    "[INFO]",
    "[INFO] ------------------------------------------------------------------------",
    "[INFO] BUILD SUCCESS",
    "[INFO] ------------------------------------------------------------------------",
    "[INFO] Total time:  01:53 min",
    "[INFO] Finished at: 2026-01-21T16:19:46+05:30",
    "[INFO] ------------------------------------------------------------------------",
    "Process exited with code 0"
  ]
}